<?xml version="1.0" encoding="UTF-8" ?>
<testsuite tests="6" failures="1" name="net.comcast.tests.GoogleSearchTest" time="2.189" errors="0" skipped="5">
  <properties>
[...]
</properties>
  <testcase classname="net.comcast.tests.GoogleSearchTest" name="setUp" time="2.177">
    <failure message="org/openqa/selenium/internal/FindsById" type="java.lang.NoClassDefFoundError">java.lang.NoClassDefFoundError: org/openqa/selenium/internal/FindsById
	at java.base/java.lang.ClassLoader.defineClass1(Native Method)
	at java.base/java.lang.ClassLoader.defineClass(ClassLoader.java:1016)
	at java.base/java.security.SecureClassLoader.defineClass(SecureClassLoader.java:151)
	at java.base/jdk.internal.loader.BuiltinClassLoader.defineClass(BuiltinClassLoader.java:821)
	at java.base/jdk.internal.loader.BuiltinClassLoader.findClassOnClassPathOrNull(BuiltinClassLoader.java:719)
	at java.base/jdk.internal.loader.BuiltinClassLoader.loadClassOrNull(BuiltinClassLoader.java:642)
	at java.base/jdk.internal.loader.BuiltinClassLoader.loadClass(BuiltinClassLoader.java:600)
	at java.base/jdk.internal.loader.ClassLoaders$AppClassLoader.loadClass(ClassLoaders.java:178)
	at java.base/java.lang.ClassLoader.loadClass(ClassLoader.java:521)
	at java.base/java.lang.ClassLoader.defineClass1(Native Method)
	at java.base/java.lang.ClassLoader.defineClass(ClassLoader.java:1016)
	at java.base/java.security.SecureClassLoader.defineClass(SecureClassLoader.java:151)
	at java.base/jdk.internal.loader.BuiltinClassLoader.defineClass(BuiltinClassLoader.java:821)
	at java.base/jdk.internal.loader.BuiltinClassLoader.findClassOnClassPathOrNull(BuiltinClassLoader.java:719)
	at java.base/jdk.internal.loader.BuiltinClassLoader.loadClassOrNull(BuiltinClassLoader.java:642)
	at java.base/jdk.internal.loader.BuiltinClassLoader.loadClass(BuiltinClassLoader.java:600)
	at java.base/jdk.internal.loader.ClassLoaders$AppClassLoader.loadClass(ClassLoaders.java:178)
	at java.base/java.lang.ClassLoader.loadClass(ClassLoader.java:521)
	at net.comcast.tests.GoogleSearchTest.setUp(GoogleSearchTest.java:21)
Caused by: java.lang.ClassNotFoundException: org.openqa.selenium.internal.FindsById
	at java.base/jdk.internal.loader.BuiltinClassLoader.loadClass(BuiltinClassLoader.java:602)
	at java.base/jdk.internal.loader.ClassLoaders$AppClassLoader.loadClass(ClassLoaders.java:178)
	at java.base/java.lang.ClassLoader.loadClass(ClassLoader.java:521)
	... 60 more
</failure>
    <system-out>Configuring TestNG with: org.apache.maven.surefire.testng.conf.TestNG652Configurator@d70c109
</system-out>
    <system-err>SLF4J: Failed to load class &quot;org.slf4j.impl.StaticLoggerBinder&quot;.
SLF4J: Defaulting to no-operation (NOP) logger implementation
SLF4J: See http://www.slf4j.org/codes.html#StaticLoggerBinder for further details.
</system-err>
  </testcase>
  <testcase classname="net.comcast.tests.GoogleSearchTest" name="googleSearchPOMTest" time="0">
    <skipped/>
  </testcase>
  <testcase classname="net.comcast.tests.GoogleSearchTest" name="tearDown" time="0.001">
    <skipped/>
  </testcase>
  <testcase classname="net.comcast.tests.GoogleSearchTest" name="setUp" time="0.01">
    <skipped/>
  </testcase>
  <testcase classname="net.comcast.tests.GoogleSearchTest" name="googleSearchTest" time="0">
    <skipped/>
  </testcase>
  <testcase classname="net.comcast.tests.GoogleSearchTest" name="tearDown" time="0.001">
    <skipped/>
  </testcase>
</testsuite>